<?xml version="1.0" encoding="UTF-8"?>
<!-- Generated by org.testng.reporters.JUnitXMLReporter -->
<testsuite ignored="0" hostname="DESKTOP-KJAO46U" failures="0" tests="3" name="Default test" time="66.38" errors="0" timestamp="2021-09-22T02:21:42 ICT">
  <testcase classname="tutorials.section09.MobileChromeAutomationWithAppium.example_02" name="checkUserEmpty" time="5.935"/>
  <testcase classname="tutorials.section09.MobileChromeAutomationWithAppium.example_02" name="checkPassworkdEmpty" time="4.959"/>
  <testcase classname="tutorials.section09.MobileChromeAutomationWithAppium.example_02" name="checkOther" time="3.501"/>
</testsuite> <!-- Default test -->
