<?xml version="1.0" encoding="UTF-8"?>
<testng-results ignored="0" total="3" passed="3" failed="0" skipped="0">
  <reporter-output>
  </reporter-output>
  <suite started-at="2021-09-22T02:20:35 ICT" name="Default suite" finished-at="2021-09-22T02:21:42 ICT" duration-ms="66380">
    <groups>
    </groups>
    <test started-at="2021-09-22T02:20:35 ICT" name="Default test" finished-at="2021-09-22T02:21:42 ICT" duration-ms="66380">
      <class name="tutorials.section09.MobileChromeAutomationWithAppium.example_02">
        <test-method is-config="true" signature="setup()[pri:0, instance:tutorials.section09.MobileChromeAutomationWithAppium.example_02@101952da]" started-at="2021-09-22T02:20:35 ICT" name="setup" finished-at="2021-09-22T02:20:54 ICT" duration-ms="18556" status="PASS">
          <reporter-output>
          </reporter-output>
        </test-method> <!-- setup -->
        <test-method signature="checkUserEmpty()[pri:1, instance:tutorials.section09.MobileChromeAutomationWithAppium.example_02@101952da]" started-at="2021-09-22T02:20:54 ICT" name="checkUserEmpty" finished-at="2021-09-22T02:21:00 ICT" duration-ms="5935" status="PASS">
          <reporter-output>
          </reporter-output>
        </test-method> <!-- checkUserEmpty -->
        <test-method is-config="true" signature="tearDown()[pri:0, instance:tutorials.section09.MobileChromeAutomationWithAppium.example_02@101952da]" started-at="2021-09-22T02:21:00 ICT" name="tearDown" finished-at="2021-09-22T02:21:01 ICT" duration-ms="987" status="PASS">
          <reporter-output>
          </reporter-output>
        </test-method> <!-- tearDown -->
        <test-method is-config="true" signature="setup()[pri:0, instance:tutorials.section09.MobileChromeAutomationWithAppium.example_02@101952da]" started-at="2021-09-22T02:21:01 ICT" name="setup" finished-at="2021-09-22T02:21:16 ICT" duration-ms="15236" status="PASS">
          <reporter-output>
          </reporter-output>
        </test-method> <!-- setup -->
        <test-method signature="checkPassworkdEmpty()[pri:2, instance:tutorials.section09.MobileChromeAutomationWithAppium.example_02@101952da]" started-at="2021-09-22T02:21:16 ICT" name="checkPassworkdEmpty" finished-at="2021-09-22T02:21:21 ICT" duration-ms="4959" status="PASS">
          <reporter-output>
          </reporter-output>
        </test-method> <!-- checkPassworkdEmpty -->
        <test-method is-config="true" signature="tearDown()[pri:0, instance:tutorials.section09.MobileChromeAutomationWithAppium.example_02@101952da]" started-at="2021-09-22T02:21:21 ICT" name="tearDown" finished-at="2021-09-22T02:21:22 ICT" duration-ms="1037" status="PASS">
          <reporter-output>
          </reporter-output>
        </test-method> <!-- tearDown -->
        <test-method is-config="true" signature="setup()[pri:0, instance:tutorials.section09.MobileChromeAutomationWithAppium.example_02@101952da]" started-at="2021-09-22T02:21:22 ICT" name="setup" finished-at="2021-09-22T02:21:38 ICT" duration-ms="15331" status="PASS">
          <reporter-output>
          </reporter-output>
        </test-method> <!-- setup -->
        <test-method signature="checkOther()[pri:3, instance:tutorials.section09.MobileChromeAutomationWithAppium.example_02@101952da]" started-at="2021-09-22T02:21:38 ICT" name="checkOther" finished-at="2021-09-22T02:21:41 ICT" duration-ms="3501" status="PASS">
          <reporter-output>
          </reporter-output>
        </test-method> <!-- checkOther -->
        <test-method is-config="true" signature="tearDown()[pri:0, instance:tutorials.section09.MobileChromeAutomationWithAppium.example_02@101952da]" started-at="2021-09-22T02:21:41 ICT" name="tearDown" finished-at="2021-09-22T02:21:42 ICT" duration-ms="794" status="PASS">
          <reporter-output>
          </reporter-output>
        </test-method> <!-- tearDown -->
      </class> <!-- tutorials.section09.MobileChromeAutomationWithAppium.example_02 -->
    </test> <!-- Default test -->
  </suite> <!-- Default suite -->
</testng-results>
