<?xml version="1.0" encoding="UTF-8"?>
<testng-results ignored="0" total="1" passed="1" failed="0" skipped="0">
  <reporter-output>
  </reporter-output>
  <suite started-at="2021-09-12T03:42:05 ICT" name="Default suite" finished-at="2021-09-12T03:42:17 ICT" duration-ms="11860">
    <groups>
    </groups>
    <test started-at="2021-09-12T03:42:05 ICT" name="Default test" finished-at="2021-09-12T03:42:17 ICT" duration-ms="11860">
      <class name="tutorial.excercies.ecommerce_04">
        <test-method is-config="true" signature="beforeTest()[pri:0, instance:tutorial.excercies.ecommerce_04@7fee8714]" started-at="2021-09-12T03:42:05 ICT" name="beforeTest" finished-at="2021-09-12T03:42:13 ICT" duration-ms="8627" status="PASS">
          <reporter-output>
          </reporter-output>
        </test-method> <!-- beforeTest -->
        <test-method signature="f3()[pri:0, instance:tutorial.excercies.ecommerce_04@7fee8714]" started-at="2021-09-12T03:42:13 ICT" name="f3" finished-at="2021-09-12T03:42:16 ICT" duration-ms="2718" status="PASS">
          <reporter-output>
          </reporter-output>
        </test-method> <!-- f3 -->
        <test-method is-config="true" signature="afterTest()[pri:0, instance:tutorial.excercies.ecommerce_04@7fee8714]" started-at="2021-09-12T03:42:16 ICT" name="afterTest" finished-at="2021-09-12T03:42:17 ICT" duration-ms="487" status="PASS">
          <reporter-output>
          </reporter-output>
        </test-method> <!-- afterTest -->
      </class> <!-- tutorial.excercies.ecommerce_04 -->
    </test> <!-- Default test -->
  </suite> <!-- Default suite -->
</testng-results>
